<?xml version="1.0" encoding="UTF-8"?>
<!-- Generated by org.testng.reporters.JUnitReportReporter -->
<testsuite hostname="student-virtual-machine" name="com.parent.AppTest" tests="1" failures="0" timestamp="3 Apr 2016 20:52:29 GMT" time="0.003" errors="0">
  <testcase name="testApp" time="0.003" classname="com.parent.AppTest"/>
</testsuite> <!-- com.parent.AppTest -->
