<?xml version="1.0" encoding="UTF-8"?>
<!-- Generated by org.testng.reporters.JUnitReportReporter -->
<testsuite hostname="student-virtual-machine" name="com.parent.testMember.TestMember" tests="1" failures="0" timestamp="3 Apr 2016 20:52:28 GMT" time="0.129" errors="0">
  <testcase name="testMemberName" time="0.129" classname="com.parent.testMember.TestMember"/>
</testsuite> <!-- com.parent.testMember.TestMember -->
