<?xml version="1.0" encoding="UTF-8"?>
<!-- Generated by org.testng.reporters.JUnitReportReporter -->
<testsuite hostname="student-virtual-machine" name="com.parent.testMember.TestMember" tests="1" failures="0" timestamp="7 Apr 2016 21:40:50 GMT" time="0.002" errors="0">
  <testcase name="testMemberName" time="0.002" classname="com.parent.testMember.TestMember"/>
</testsuite> <!-- com.parent.testMember.TestMember -->
