<?xml version="1.0" encoding="UTF-8"?>
<!-- Generated by org.testng.reporters.JUnitReportReporter -->
<testsuite hostname="student-virtual-machine" name="com.parent.testWorker.TestWorker" tests="1" failures="0" timestamp="3 Apr 2016 20:52:28 GMT" time="0.008" errors="0">
  <testcase name="testWorkerName" time="0.008" classname="com.parent.testWorker.TestWorker"/>
</testsuite> <!-- com.parent.testWorker.TestWorker -->
