<?xml version="1.0" encoding="UTF-8"?>
<!-- Generated by org.testng.reporters.JUnitReportReporter -->
<testsuite hostname="student-virtual-machine" name="com.parent.testBooks.TestBooks" tests="2" failures="0" timestamp="7 Apr 2016 21:40:50 GMT" time="0.012" errors="0">
  <testcase name="testSetBookAuthor" time="0.001" classname="com.parent.testBooks.TestBooks"/>
  <testcase name="testBookAuthor" time="0.011" classname="com.parent.testBooks.TestBooks"/>
</testsuite> <!-- com.parent.testBooks.TestBooks -->
