<?xml version="1.0" encoding="UTF-8"?>
<!-- Generated by org.testng.reporters.JUnitReportReporter -->
<testsuite hostname="student-virtual-machine" name="com.parent.testWorker.TestWorker" tests="2" failures="0" timestamp="7 Apr 2016 21:40:50 GMT" time="0.002" errors="0">
  <testcase name="testWorkerSetName" time="0.000" classname="com.parent.testWorker.TestWorker"/>
  <testcase name="testWorkerName" time="0.002" classname="com.parent.testWorker.TestWorker"/>
</testsuite> <!-- com.parent.testWorker.TestWorker -->
